TN:
SF:src/index.ts
FNF:0
FNH:0
LF:0
LH:0
BRF:0
BRH:0
end_of_record
TN:
SF:src/config/billing.config.ts
FN:135,getSubscriptionPrice
FN:145,formatAmount
FN:155,formatNaira
FN:162,isBillableTier
FN:171,shouldBillNow
FN:182,shouldRetryPayment
FN:204,computeAccessLevel
FNF:7
FNH:7
FNDA:16,getSubscriptionPrice
FNDA:3,formatAmount
FNDA:3,formatNaira
FNDA:2,isBillableTier
FNDA:4,shouldBillNow
FNDA:5,shouldRetryPayment
FNDA:10,computeAccessLevel
DA:18,6
DA:23,6
DA:33,6
DA:43,6
DA:49,6
DA:57,6
DA:136,16
DA:137,16
DA:138,15
DA:146,3
DA:147,3
DA:156,3
DA:163,2
DA:172,4
DA:173,4
DA:174,4
DA:183,5
DA:184,5
DA:185,1
DA:188,4
DA:189,5
DA:191,5
DA:208,10
DA:209,6
DA:211,4
DA:212,1
DA:214,3
DA:215,1
DA:217,2
DA:218,1
DA:220,1
LF:31
LH:31
BRDA:137,0,0,1
BRDA:137,0,1,15
BRDA:155,1,0,3
BRDA:172,2,0,4
BRDA:172,2,1,2
BRDA:184,3,0,1
BRDA:184,3,1,4
BRDA:188,4,0,4
BRDA:188,4,1,0
BRDA:208,5,0,6
BRDA:208,5,1,4
BRDA:211,6,0,1
BRDA:211,6,1,3
BRDA:214,7,0,1
BRDA:214,7,1,2
BRDA:217,8,0,1
BRDA:217,8,1,1
BRF:17
BRH:16
end_of_record
TN:
SF:src/config/client.config.ts
FNF:0
FNH:0
DA:17,3
DA:28,3
LF:2
LH:2
BRF:0
BRH:0
end_of_record
TN:
SF:src/config/delivery.config.ts
FNF:0
FNH:0
DA:12,3
LF:1
LH:1
BRF:0
BRH:0
end_of_record
TN:
SF:src/config/export.config.ts
FNF:0
FNH:0
DA:5,3
DA:15,3
LF:2
LH:2
BRF:0
BRH:0
end_of_record
TN:
SF:src/config/limits.config.ts
FN:95,getTierLimits
FNF:1
FNH:1
FNDA:3,getTierLimits
DA:36,5
DA:38,5
DA:51,5
DA:57,5
DA:68,5
DA:96,3
DA:97,3
DA:98,2
LF:8
LH:8
BRDA:97,0,0,1
BRDA:97,0,1,2
BRF:2
BRH:2
end_of_record
TN:
SF:src/config/metrics.config.ts
FN:163,granularityForWindowDays
FN:177,windowExceedsDayRetention
FN:182,isLifetime
FNF:3
FNH:3
FNDA:6,granularityForWindowDays
FNDA:2,windowExceedsDayRetention
FNDA:2,isLifetime
DA:20,3
DA:44,3
DA:65,3
DA:71,3
DA:77,3
DA:113,3
DA:164,6
DA:165,2
DA:167,4
DA:168,2
DA:170,2
DA:178,2
DA:183,2
LF:13
LH:13
BRDA:164,0,0,2
BRDA:164,0,1,4
BRDA:167,1,0,2
BRDA:167,1,1,2
BRF:4
BRH:4
end_of_record
TN:
SF:src/config/pricing.config.ts
FNF:0
FNH:0
DA:14,2
LF:1
LH:1
BRF:0
BRH:0
end_of_record
TN:
SF:src/config/regional.config.ts
FNF:0
FNH:0
DA:9,8
DA:57,8
DA:60,8
DA:63,8
LF:4
LH:4
BRF:0
BRH:0
end_of_record
TN:
SF:src/config/retention.config.ts
FNF:0
FNH:0
DA:38,7
DA:45,7
DA:53,7
LF:3
LH:3
BRF:0
BRH:0
end_of_record
TN:
SF:src/config/security.config.ts
FNF:0
FNH:0
DA:42,3
DA:90,3
LF:2
LH:2
BRF:0
BRH:0
end_of_record
TN:
SF:src/config/service.config.ts
FNF:0
FNH:0
DA:8,3
DA:17,3
LF:2
LH:2
BRF:0
BRH:0
end_of_record
TN:
SF:src/config/session.config.ts
FNF:0
FNH:0
DA:6,2
DA:11,2
LF:2
LH:2
BRF:0
BRH:0
end_of_record
TN:
SF:src/config/system.config.ts
FN:40,buildSystemConfig
FNF:1
FNH:1
FNDA:10,buildSystemConfig
DA:11,5
DA:17,5
DA:31,5
DA:41,10
DA:42,10
DA:54,5
DA:61,5
LF:7
LH:7
BRDA:40,0,0,10
BRDA:41,1,0,10
BRDA:41,1,1,9
BRDA:43,2,0,10
BRDA:43,2,1,10
BRDA:44,3,0,10
BRDA:44,3,1,8
BRDA:45,4,0,10
BRDA:45,4,1,10
BRDA:47,5,0,10
BRDA:47,5,1,9
BRDA:47,6,0,1
BRDA:47,6,1,8
BRDA:48,7,0,10
BRDA:48,7,1,9
BRDA:48,8,0,1
BRDA:48,8,1,8
BRDA:49,9,0,10
BRDA:49,9,1,10
BRDA:49,9,2,10
BRDA:55,10,0,0
BRDA:55,10,1,5
BRDA:56,11,0,0
BRDA:56,11,1,5
BRDA:57,12,0,0
BRDA:57,12,1,5
BRDA:58,13,0,0
BRDA:58,13,1,5
BRF:28
BRH:24
end_of_record
TN:
SF:src/drizzle/index.ts
FNF:0
FNH:0
LF:0
LH:0
BRF:0
BRH:0
end_of_record
TN:
SF:src/drizzle/relations.ts
FN:19,(anonymous_0)
FN:26,(anonymous_1)
FN:40,(anonymous_2)
FN:47,(anonymous_3)
FN:55,(anonymous_4)
FN:62,(anonymous_5)
FN:69,(anonymous_6)
FN:81,(anonymous_7)
FN:89,(anonymous_8)
FN:100,(anonymous_9)
FN:108,(anonymous_10)
FN:115,(anonymous_11)
FN:122,(anonymous_12)
FN:129,(anonymous_13)
FNF:14
FNH:0
FNDA:0,(anonymous_0)
FNDA:0,(anonymous_1)
FNDA:0,(anonymous_2)
FNDA:0,(anonymous_3)
FNDA:0,(anonymous_4)
FNDA:0,(anonymous_5)
FNDA:0,(anonymous_6)
FNDA:0,(anonymous_7)
FNDA:0,(anonymous_8)
FNDA:0,(anonymous_9)
FNDA:0,(anonymous_10)
FNDA:0,(anonymous_11)
FNDA:0,(anonymous_12)
FNDA:0,(anonymous_13)
DA:19,2
DA:26,2
DA:40,2
DA:47,2
DA:55,2
DA:62,2
DA:69,2
DA:81,2
DA:89,2
DA:100,2
DA:108,2
DA:115,2
DA:122,2
DA:129,2
LF:14
LH:14
BRF:0
BRH:0
end_of_record
TN:
SF:src/drizzle/schema.ts
FN:50,(anonymous_0)
FN:52,(anonymous_1)
FN:95,(anonymous_2)
FN:109,(anonymous_3)
FN:125,(anonymous_4)
FN:146,(anonymous_5)
FN:175,(anonymous_6)
FN:189,(anonymous_7)
FN:225,(anonymous_8)
FN:238,(anonymous_9)
FN:248,(anonymous_10)
FN:301,(anonymous_11)
FN:319,(anonymous_12)
FN:321,(anonymous_13)
FN:361,(anonymous_14)
FN:371,(anonymous_15)
FN:383,(anonymous_16)
FN:398,(anonymous_17)
FN:432,(anonymous_18)
FN:441,(anonymous_19)
FN:476,(anonymous_20)
FN:490,(anonymous_21)
FN:502,(anonymous_22)
FN:525,(anonymous_23)
FN:550,(anonymous_24)
FN:559,(anonymous_25)
FN:647,(anonymous_26)
FN:668,(anonymous_27)
FN:710,(anonymous_28)
FN:725,(anonymous_29)
FN:759,(anonymous_30)
FN:776,(anonymous_31)
FN:806,(anonymous_32)
FN:814,(anonymous_33)
FN:847,(anonymous_34)
FN:859,(anonymous_35)
FN:885,(anonymous_36)
FN:897,(anonymous_37)
FN:944,(anonymous_38)
FN:961,(anonymous_39)
FN:1004,(anonymous_40)
FN:1060,(anonymous_41)
FNF:42
FNH:1
FNDA:0,(anonymous_0)
FNDA:104,(anonymous_1)
FNDA:0,(anonymous_2)
FNDA:0,(anonymous_3)
FNDA:0,(anonymous_4)
FNDA:0,(anonymous_5)
FNDA:0,(anonymous_6)
FNDA:0,(anonymous_7)
FNDA:0,(anonymous_8)
FNDA:0,(anonymous_9)
FNDA:0,(anonymous_10)
FNDA:0,(anonymous_11)
FNDA:0,(anonymous_12)
FNDA:0,(anonymous_13)
FNDA:0,(anonymous_14)
FNDA:0,(anonymous_15)
FNDA:0,(anonymous_16)
FNDA:0,(anonymous_17)
FNDA:0,(anonymous_18)
FNDA:0,(anonymous_19)
FNDA:0,(anonymous_20)
FNDA:0,(anonymous_21)
FNDA:0,(anonymous_22)
FNDA:0,(anonymous_23)
FNDA:0,(anonymous_24)
FNDA:0,(anonymous_25)
FNDA:0,(anonymous_26)
FNDA:0,(anonymous_27)
FNDA:0,(anonymous_28)
FNDA:0,(anonymous_29)
FNDA:0,(anonymous_30)
FNDA:0,(anonymous_31)
FNDA:0,(anonymous_32)
FNDA:0,(anonymous_33)
FNDA:0,(anonymous_34)
FNDA:0,(anonymous_35)
FNDA:0,(anonymous_36)
FNDA:0,(anonymous_37)
FNDA:0,(anonymous_38)
FNDA:0,(anonymous_39)
FNDA:0,(anonymous_40)
FNDA:0,(anonymous_41)
DA:50,4
DA:52,4
DA:53,104
DA:55,4
DA:56,4
DA:57,4
DA:61,4
DA:62,4
DA:66,4
DA:67,4
DA:68,4
DA:69,4
DA:70,4
DA:71,4
DA:72,4
DA:73,4
DA:74,4
DA:77,4
DA:78,4
DA:79,4
DA:80,4
DA:81,4
DA:82,4
DA:83,4
DA:84,4
DA:85,4
DA:86,4
DA:87,4
DA:88,4
DA:90,4
DA:95,0
DA:110,0
DA:120,4
DA:125,0
DA:147,0
DA:170,4
DA:175,0
DA:190,0
DA:220,4
DA:225,0
DA:238,0
DA:249,0
DA:296,4
DA:301,0
DA:319,0
DA:322,0
DA:356,4
DA:361,0
DA:372,0
DA:378,4
DA:383,0
DA:399,0
DA:427,4
DA:432,0
DA:442,0
DA:454,4
DA:462,4
DA:477,0
DA:485,4
DA:490,0
DA:503,0
DA:520,4
DA:525,0
DA:550,0
DA:560,0
DA:642,4
DA:647,0
DA:669,0
DA:705,4
DA:710,0
DA:726,0
DA:754,4
DA:759,0
DA:777,0
DA:801,4
DA:806,0
DA:815,0
DA:842,4
DA:847,0
DA:860,0
DA:880,4
DA:885,0
DA:898,0
DA:939,4
DA:944,0
DA:962,0
DA:983,4
DA:989,4
DA:995,4
DA:1005,0
DA:1037,4
DA:1061,0
LF:92
LH:52
BRF:0
BRH:0
end_of_record
TN:
SF:src/enums/enum-catalog.ts
FN:39,buildValues
FN:41,(anonymous_1)
FNF:2
FNH:2
FNDA:39,buildValues
FNDA:132,(anonymous_1)
DA:41,132
DA:47,3
LF:2
LH:2
BRF:0
BRH:0
end_of_record
TN:
SF:src/enums/enums.ts
FN:1,(anonymous_0)
FN:7,(anonymous_1)
FN:12,(anonymous_2)
FN:17,(anonymous_3)
FN:26,(anonymous_4)
FN:31,(anonymous_5)
FN:37,(anonymous_6)
FN:43,(anonymous_7)
FN:51,(anonymous_8)
FN:58,(anonymous_9)
FN:69,(anonymous_10)
FN:76,(anonymous_11)
FN:84,(anonymous_12)
FN:90,(anonymous_13)
FN:94,(anonymous_14)
FN:99,(anonymous_15)
FN:111,(anonymous_16)
FN:119,(anonymous_17)
FN:126,(anonymous_18)
FN:134,(anonymous_19)
FN:143,(anonymous_20)
FN:148,(anonymous_21)
FN:152,(anonymous_22)
FN:157,(anonymous_23)
FN:199,(anonymous_24)
FN:207,(anonymous_25)
FN:214,(anonymous_26)
FN:221,(anonymous_27)
FN:235,(anonymous_28)
FN:241,(anonymous_29)
FN:248,(anonymous_30)
FN:255,(anonymous_31)
FN:263,(anonymous_32)
FN:269,(anonymous_33)
FN:276,(anonymous_34)
FN:315,(anonymous_35)
FN:322,(anonymous_36)
FN:328,(anonymous_37)
FN:334,(anonymous_38)
FN:339,(anonymous_39)
FN:345,(anonymous_40)
FN:353,(anonymous_41)
FN:364,(anonymous_42)
FN:375,(anonymous_43)
FN:380,(anonymous_44)
FN:386,(anonymous_45)
FN:394,(anonymous_46)
FN:400,(anonymous_47)
FN:406,(anonymous_48)
FN:412,(anonymous_49)
FN:418,(anonymous_50)
FN:427,(anonymous_51)
FN:435,(anonymous_52)
FN:442,(anonymous_53)
FN:455,(anonymous_54)
FN:466,(anonymous_55)
FN:504,safeEnumValue
FNF:57
FNH:56
FNDA:16,(anonymous_0)
FNDA:16,(anonymous_1)
FNDA:16,(anonymous_2)
FNDA:16,(anonymous_3)
FNDA:16,(anonymous_4)
FNDA:16,(anonymous_5)
FNDA:16,(anonymous_6)
FNDA:16,(anonymous_7)
FNDA:16,(anonymous_8)
FNDA:16,(anonymous_9)
FNDA:16,(anonymous_10)
FNDA:16,(anonymous_11)
FNDA:16,(anonymous_12)
FNDA:16,(anonymous_13)
FNDA:16,(anonymous_14)
FNDA:16,(anonymous_15)
FNDA:16,(anonymous_16)
FNDA:16,(anonymous_17)
FNDA:16,(anonymous_18)
FNDA:16,(anonymous_19)
FNDA:16,(anonymous_20)
FNDA:16,(anonymous_21)
FNDA:16,(anonymous_22)
FNDA:16,(anonymous_23)
FNDA:16,(anonymous_24)
FNDA:16,(anonymous_25)
FNDA:16,(anonymous_26)
FNDA:16,(anonymous_27)
FNDA:16,(anonymous_28)
FNDA:16,(anonymous_29)
FNDA:16,(anonymous_30)
FNDA:16,(anonymous_31)
FNDA:16,(anonymous_32)
FNDA:16,(anonymous_33)
FNDA:16,(anonymous_34)
FNDA:16,(anonymous_35)
FNDA:16,(anonymous_36)
FNDA:16,(anonymous_37)
FNDA:16,(anonymous_38)
FNDA:16,(anonymous_39)
FNDA:16,(anonymous_40)
FNDA:16,(anonymous_41)
FNDA:16,(anonymous_42)
FNDA:16,(anonymous_43)
FNDA:16,(anonymous_44)
FNDA:16,(anonymous_45)
FNDA:16,(anonymous_46)
FNDA:16,(anonymous_47)
FNDA:16,(anonymous_48)
FNDA:16,(anonymous_49)
FNDA:16,(anonymous_50)
FNDA:16,(anonymous_51)
FNDA:16,(anonymous_52)
FNDA:16,(anonymous_53)
FNDA:16,(anonymous_54)
FNDA:16,(anonymous_55)
FNDA:0,safeEnumValue
DA:1,16
DA:2,16
DA:3,16
DA:4,16
DA:7,16
DA:8,16
DA:9,16
DA:12,16
DA:13,16
DA:14,16
DA:17,16
DA:18,16
DA:19,16
DA:20,16
DA:21,16
DA:22,16
DA:23,16
DA:26,16
DA:27,16
DA:28,16
DA:31,16
DA:32,16
DA:33,16
DA:34,16
DA:37,16
DA:38,16
DA:39,16
DA:40,16
DA:43,16
DA:44,16
DA:45,16
DA:46,16
DA:47,16
DA:48,16
DA:51,16
DA:52,16
DA:53,16
DA:54,16
DA:55,16
DA:58,16
DA:59,16
DA:60,16
DA:61,16
DA:62,16
DA:63,16
DA:64,16
DA:65,16
DA:66,16
DA:69,16
DA:70,16
DA:71,16
DA:72,16
DA:73,16
DA:76,16
DA:77,16
DA:78,16
DA:79,16
DA:80,16
DA:81,16
DA:84,16
DA:85,16
DA:86,16
DA:87,16
DA:90,16
DA:91,16
DA:94,16
DA:95,16
DA:96,16
DA:99,16
DA:100,16
DA:101,16
DA:102,16
DA:103,16
DA:111,16
DA:112,16
DA:113,16
DA:114,16
DA:115,16
DA:116,16
DA:119,16
DA:120,16
DA:121,16
DA:122,16
DA:123,16
DA:126,16
DA:127,16
DA:128,16
DA:129,16
DA:130,16
DA:131,16
DA:134,16
DA:135,16
DA:136,16
DA:137,16
DA:138,16
DA:139,16
DA:140,16
DA:143,16
DA:144,16
DA:145,16
DA:148,16
DA:149,16
DA:152,16
DA:153,16
DA:154,16
DA:157,16
DA:158,16
DA:159,16
DA:160,16
DA:161,16
DA:162,16
DA:163,16
DA:164,16
DA:165,16
DA:166,16
DA:167,16
DA:168,16
DA:169,16
DA:170,16
DA:173,16
DA:174,16
DA:175,16
DA:176,16
DA:177,16
DA:178,16
DA:179,16
DA:180,16
DA:181,16
DA:182,16
DA:183,16
DA:184,16
DA:185,16
DA:186,16
DA:187,16
DA:188,16
DA:189,16
DA:190,16
DA:191,16
DA:192,16
DA:193,16
DA:194,16
DA:195,16
DA:196,16
DA:199,16
DA:200,16
DA:201,16
DA:202,16
DA:203,16
DA:204,16
DA:207,16
DA:208,16
DA:209,16
DA:210,16
DA:211,16
DA:214,16
DA:215,16
DA:216,16
DA:217,16
DA:218,16
DA:221,16
DA:222,16
DA:223,16
DA:224,16
DA:225,16
DA:228,16
DA:235,16
DA:236,16
DA:237,16
DA:238,16
DA:241,16
DA:242,16
DA:243,16
DA:245,16
DA:248,16
DA:249,16
DA:250,16
DA:251,16
DA:252,16
DA:255,16
DA:256,16
DA:257,16
DA:258,16
DA:259,16
DA:260,16
DA:263,16
DA:264,16
DA:265,16
DA:266,16
DA:269,16
DA:270,16
DA:271,16
DA:272,16
DA:273,16
DA:276,16
DA:277,16
DA:278,16
DA:279,16
DA:280,16
DA:281,16
DA:282,16
DA:283,16
DA:285,16
DA:286,16
DA:287,16
DA:288,16
DA:289,16
DA:290,16
DA:291,16
DA:292,16
DA:294,16
DA:295,16
DA:296,16
DA:297,16
DA:298,16
DA:299,16
DA:300,16
DA:302,16
DA:303,16
DA:305,16
DA:306,16
DA:307,16
DA:308,16
DA:315,16
DA:316,16
DA:317,16
DA:318,16
DA:319,16
DA:322,16
DA:323,16
DA:324,16
DA:325,16
DA:328,16
DA:329,16
DA:330,16
DA:331,16
DA:334,16
DA:335,16
DA:336,16
DA:339,16
DA:340,16
DA:341,16
DA:342,16
DA:345,16
DA:346,16
DA:347,16
DA:348,16
DA:349,16
DA:350,16
DA:353,16
DA:354,16
DA:355,16
DA:356,16
DA:357,16
DA:358,16
DA:359,16
DA:360,16
DA:361,16
DA:364,16
DA:365,16
DA:366,16
DA:367,16
DA:368,16
DA:369,16
DA:370,16
DA:371,16
DA:372,16
DA:375,16
DA:376,16
DA:377,16
DA:380,16
DA:381,16
DA:382,16
DA:383,16
DA:386,16
DA:387,16
DA:388,16
DA:389,16
DA:390,16
DA:391,16
DA:394,16
DA:395,16
DA:396,16
DA:397,16
DA:400,16
DA:401,16
DA:402,16
DA:403,16
DA:406,16
DA:407,16
DA:408,16
DA:409,16
DA:412,16
DA:413,16
DA:414,16
DA:415,16
DA:418,16
DA:419,16
DA:420,16
DA:421,16
DA:422,16
DA:423,16
DA:424,16
DA:427,16
DA:428,16
DA:435,16
DA:436,16
DA:437,16
DA:438,16
DA:439,16
DA:442,16
DA:443,16
DA:444,16
DA:445,16
DA:446,16
DA:447,16
DA:448,16
DA:455,16
DA:456,16
DA:457,16
DA:458,16
DA:459,16
DA:466,16
DA:467,16
DA:468,16
DA:469,16
DA:470,16
DA:473,16
DA:477,16
DA:487,16
DA:508,0
DA:509,0
LF:331
LH:329
BRDA:509,0,0,0
BRDA:509,0,1,0
BRF:2
BRH:0
end_of_record
TN:
SF:src/services/email.service.ts
FN:30,getSmtpConfig
FN:42,sendViaSmtp
FN:57,(anonymous_2)
FN:66,isRetryableEmailError
FN:78,sendEmail
FN:82,(anonymous_5)
FNF:6
FNH:5
FNDA:5,getSmtpConfig
FNDA:6,sendViaSmtp
FNDA:0,(anonymous_2)
FNDA:3,isRetryableEmailError
FNDA:5,sendEmail
FNDA:6,(anonymous_5)
DA:17,3
DA:31,5
DA:32,5
DA:34,4
DA:37,5
DA:38,5
DA:39,5
DA:43,6
DA:44,6
DA:51,6
DA:57,0
DA:63,3
DA:67,3
DA:68,3
DA:69,3
DA:70,3
DA:71,3
DA:72,1
DA:74,1
DA:79,5
DA:80,5
DA:82,6
LF:22
LH:21
BRDA:31,0,0,5
BRDA:31,0,1,5
BRDA:32,1,0,1
BRDA:32,1,1,4
BRDA:34,2,0,4
BRDA:34,2,1,0
BRDA:34,3,0,4
BRDA:34,3,1,4
BRDA:37,4,0,5
BRDA:37,4,1,4
BRDA:37,4,2,0
BRDA:38,5,0,5
BRDA:38,5,1,4
BRDA:38,5,2,0
BRDA:48,6,0,6
BRDA:48,6,1,0
BRDA:53,7,0,0
BRDA:53,7,1,6
BRDA:67,8,0,3
BRDA:67,8,1,0
BRDA:67,9,0,3
BRDA:67,9,1,3
BRDA:69,10,0,3
BRDA:69,10,1,1
BRDA:70,11,0,3
BRDA:70,11,1,0
BRDA:71,12,0,2
BRDA:71,12,1,1
BRDA:72,13,0,0
BRDA:72,13,1,1
BRDA:72,14,0,1
BRDA:72,14,1,1
BRDA:80,15,0,1
BRDA:80,15,1,4
BRF:34
BRH:26
end_of_record
TN:
SF:src/services/encryption.ts
FN:25,parseKey
FN:42,createEncryptor
FN:46,encrypt
FN:63,parsePayload
FN:81,tryDecryptWith
FN:96,decryptWithKeyVersion
FN:116,decrypt
FN:125,reencryptIfNeeded
FNF:8
FNH:8
FNDA:27,parseKey
FNDA:21,createEncryptor
FNDA:13,encrypt
FNDA:15,parsePayload
FNDA:16,tryDecryptWith
FNDA:15,decryptWithKeyVersion
FNDA:9,decrypt
FNDA:2,reencryptIfNeeded
DA:3,3
DA:4,3
DA:6,3
DA:26,27
DA:27,27
DA:28,27
DA:29,27
DA:43,21
DA:44,21
DA:47,13
DA:48,13
DA:49,13
DA:51,13
DA:52,13
DA:53,13
DA:55,13
DA:65,15
DA:66,15
DA:67,15
DA:68,1
DA:70,13
DA:72,2
DA:74,13
DA:75,13
DA:76,1
DA:78,12
DA:85,16
DA:86,16
DA:88,16
DA:89,16
DA:91,16
DA:92,16
DA:93,16
DA:97,15
DA:99,15
DA:100,15
DA:105,7
DA:106,4
DA:107,4
DA:109,1
DA:112,3
DA:117,9
DA:126,2
DA:127,2
DA:128,1
DA:130,1
DA:133,21
LF:47
LH:47
BRDA:27,0,0,26
BRDA:27,0,1,1
BRDA:28,1,0,26
BRDA:28,1,1,1
BRDA:44,2,0,6
BRDA:44,2,1,15
BRDA:67,3,0,1
BRDA:67,3,1,14
BRDA:67,4,0,15
BRDA:67,4,1,13
BRDA:75,5,0,1
BRDA:75,5,1,12
BRDA:75,6,0,13
BRDA:75,6,1,13
BRDA:75,6,2,12
BRDA:78,7,0,12
BRDA:78,7,1,0
BRDA:105,8,0,4
BRDA:105,8,1,3
BRDA:105,9,0,7
BRDA:105,9,1,5
BRDA:127,10,0,1
BRDA:127,10,1,1
BRF:23
BRH:22
end_of_record
TN:
SF:src/services/fcm-sender.ts
FN:50,constructor
FN:53,send
FN:94,sendBatch
FN:99,(anonymous_3)
FN:110,sendToTopic
FN:151,subscribeToTopic
FN:156,unsubscribeFromTopic
FN:162,topicAction
FN:189,getAccessToken
FN:203,generateJwt
FN:221,(anonymous_10)
FN:240,base64Url
FNF:12
FNH:12
FNDA:10,constructor
FNDA:7,send
FNDA:2,sendBatch
FNDA:4,(anonymous_3)
FNDA:2,sendToTopic
FNDA:2,subscribeToTopic
FNDA:1,unsubscribeFromTopic
FNDA:3,topicAction
FNDA:12,getAccessToken
FNDA:12,generateJwt
FNDA:492,(anonymous_10)
FNDA:36,base64Url
DA:40,3
DA:41,3
DA:42,3
DA:45,3
DA:48,10
DA:50,10
DA:54,7
DA:55,7
DA:57,7
DA:73,5
DA:78,5
DA:79,1
DA:80,1
DA:87,4
DA:89,2
DA:95,2
DA:96,2
DA:97,2
DA:98,2
DA:99,4
DA:100,2
DA:101,4
DA:106,2
DA:116,2
DA:117,2
DA:119,2
DA:135,2
DA:140,2
DA:141,1
DA:144,1
DA:146,0
DA:152,2
DA:157,1
DA:167,3
DA:168,3
DA:169,3
DA:170,3
DA:172,3
DA:178,3
DA:179,1
DA:180,1
DA:183,2
DA:185,0
DA:190,12
DA:191,12
DA:192,0
DA:195,12
DA:196,12
DA:197,12
DA:204,12
DA:205,12
DA:206,12
DA:214,12
DA:216,12
DA:221,492
DA:223,12
DA:231,12
DA:237,12
DA:241,36
LF:59
LH:56
BRDA:67,0,0,7
BRDA:67,0,1,7
BRDA:78,1,0,1
BRDA:78,1,1,4
BRDA:83,2,0,1
BRDA:83,2,1,0
BRDA:102,3,0,4
BRDA:102,3,1,0
BRDA:129,4,0,2
BRDA:129,4,1,2
BRDA:140,5,0,1
BRDA:140,5,1,1
BRDA:169,6,0,2
BRDA:169,6,1,1
BRDA:178,7,0,1
BRDA:178,7,1,2
BRDA:191,8,0,0
BRDA:191,8,1,12
BRDA:191,9,0,12
BRDA:191,9,1,0
BRF:20
BRH:16
end_of_record
TN:
SF:src/services/payments.ts
FN:43,getTotalPaidForDeliveries
FN:76,applyPaymentStatusUpdate
FN:100,(anonymous_2)
FN:119,computeAllocationTargets
FN:166,processPaymentAllocation
FN:175,(anonymous_5)
FN:228,(anonymous_6)
FN:245,(anonymous_7)
FN:248,(anonymous_8)
FN:249,(anonymous_9)
FN:271,(anonymous_10)
FN:308,applyLedgerCredits
FN:315,(anonymous_12)
FNF:13
FNH:13
FNDA:9,getTotalPaidForDeliveries
FNDA:6,applyPaymentStatusUpdate
FNDA:4,(anonymous_2)
FNDA:16,computeAllocationTargets
FNDA:10,processPaymentAllocation
FNDA:10,(anonymous_5)
FNDA:9,(anonymous_6)
FNDA:3,(anonymous_7)
FNDA:2,(anonymous_8)
FNDA:2,(anonymous_9)
FNDA:8,(anonymous_10)
FNDA:6,applyLedgerCredits
FNDA:8,(anonymous_12)
DA:47,9
DA:49,9
DA:64,9
DA:65,9
DA:66,3
DA:68,9
DA:81,6
DA:85,6
DA:86,6
DA:88,6
DA:100,6
DA:124,16
DA:125,16
DA:126,16
DA:128,16
DA:129,20
DA:130,19
DA:131,20
DA:132,20
DA:133,20
DA:134,14
DA:135,14
DA:136,14
DA:137,14
DA:140,16
DA:170,10
DA:171,10
DA:172,10
DA:174,10
DA:175,10
DA:176,10
DA:178,10
DA:183,8
DA:193,8
DA:194,1
DA:197,7
DA:198,7
DA:199,7
DA:201,7
DA:207,7
DA:219,7
DA:221,7
DA:227,7
DA:228,9
DA:232,7
DA:233,7
DA:236,7
DA:239,7
DA:240,7
DA:245,3
DA:246,2
DA:247,1
DA:248,2
DA:249,2
DA:250,1
DA:251,1
DA:252,0
DA:253,1
DA:254,0
DA:256,1
DA:260,7
DA:261,6
DA:270,6
DA:271,8
DA:278,6
DA:293,9
DA:294,3
DA:298,3
DA:301,9
DA:302,5
DA:305,9
DA:315,8
DA:316,6
DA:317,6
DA:318,8
DA:319,8
DA:321,8
DA:322,8
DA:323,8
DA:325,8
DA:327,1
DA:328,1
DA:329,1
DA:331,7
DA:337,6
DA:338,6
DA:339,8
DA:341,6
DA:342,6
DA:343,6
DA:347,6
DA:348,6
DA:349,6
DA:350,1
LF:94
LH:92
BRDA:66,0,0,3
BRDA:66,0,1,1
BRDA:85,1,0,6
BRDA:85,1,1,0
BRDA:129,2,0,1
BRDA:129,2,1,19
BRDA:130,3,0,19
BRDA:130,3,1,3
BRDA:131,4,0,20
BRDA:131,4,1,16
BRDA:133,5,0,5
BRDA:133,5,1,15
BRDA:137,6,0,11
BRDA:137,6,1,3
BRDA:174,7,0,10
BRDA:174,7,1,0
BRDA:178,8,0,8
BRDA:178,8,1,2
BRDA:193,9,0,1
BRDA:193,9,1,7
BRDA:199,10,0,0
BRDA:199,10,1,7
BRDA:219,11,0,0
BRDA:219,11,1,7
BRDA:236,12,0,7
BRDA:236,12,1,6
BRDA:240,13,0,2
BRDA:240,13,1,5
BRDA:240,14,0,7
BRDA:240,14,1,2
BRDA:246,15,0,1
BRDA:246,15,1,1
BRDA:251,16,0,0
BRDA:251,16,1,1
BRDA:251,17,0,1
BRDA:251,17,1,0
BRDA:253,18,0,0
BRDA:253,18,1,1
BRDA:253,19,0,1
BRDA:253,19,1,0
BRDA:260,20,0,6
BRDA:260,20,1,1
BRDA:293,21,0,3
BRDA:293,21,1,6
BRDA:293,22,0,9
BRDA:293,22,1,4
BRDA:301,23,0,5
BRDA:301,23,1,4
BRDA:319,24,0,0
BRDA:319,24,1,8
BRDA:325,25,0,1
BRDA:325,25,1,7
BRDA:325,26,0,8
BRDA:325,26,1,1
BRDA:329,27,0,1
BRDA:329,27,1,1
BRDA:333,28,0,7
BRDA:333,28,1,5
BRDA:339,29,0,8
BRDA:339,29,1,0
BRDA:339,30,0,8
BRDA:339,30,1,6
BRDA:342,31,0,6
BRDA:342,31,1,1
BRDA:349,32,0,1
BRDA:349,32,1,5
BRF:66
BRH:56
end_of_record
TN:
SF:src/services/queue.service.ts
FN:31,constructor
FN:59,retryBackoffMs
FN:69,enqueue
FN:93,enqueueWithDedupe
FN:119,countRecent
FN:133,dequeue
FN:162,(anonymous_6)
FN:180,retryStalled
FN:196,complete
FN:206,fail
FN:245,failPermanent
FN:261,pruneTerminal
FN:285,drain
FN:297,(anonymous_13)
FNF:14
FNH:11
FNDA:1,constructor
FNDA:0,retryBackoffMs
FNDA:2,enqueue
FNDA:2,enqueueWithDedupe
FNDA:2,countRecent
FNDA:2,dequeue
FNDA:1,(anonymous_6)
FNDA:3,retryStalled
FNDA:0,complete
FNDA:0,fail
FNDA:1,failPermanent
FNDA:2,pruneTerminal
FNDA:3,drain
FNDA:1,(anonymous_13)
DA:32,1
DA:33,1
DA:60,0
DA:67,2
DA:75,2
DA:85,2
DA:99,2
DA:115,2
DA:120,2
DA:130,2
DA:134,2
DA:135,2
DA:159,1
DA:162,2
DA:181,3
DA:182,3
DA:193,3
DA:197,0
DA:207,0
DA:213,0
DA:215,0
DA:216,0
DA:225,0
DA:246,1
DA:262,2
DA:263,2
DA:273,2
DA:291,3
DA:292,3
DA:293,3
DA:297,3
DA:299,3
DA:300,2
DA:301,2
DA:302,2
DA:304,0
DA:309,3
DA:310,3
DA:312,0
DA:315,3
DA:316,5
DA:317,5
DA:320,3
DA:321,3
DA:323,1
DA:324,1
DA:327,2
DA:329,2
DA:330,2
DA:332,2
DA:334,2
DA:335,2
DA:337,0
DA:338,0
DA:340,0
DA:342,0
DA:344,2
DA:345,2
DA:346,2
DA:347,1
DA:349,1
DA:352,0
DA:358,3
DA:362,2
LF:64
LH:50
BRDA:79,0,0,2
BRDA:79,0,1,0
BRDA:80,1,0,2
BRDA:80,1,1,2
BRDA:81,2,0,2
BRDA:81,2,1,1
BRDA:82,3,0,2
BRDA:82,3,1,2
BRDA:103,4,0,2
BRDA:103,4,1,0
BRDA:104,5,0,2
BRDA:104,5,1,2
BRDA:105,6,0,2
BRDA:105,6,1,2
BRDA:106,7,0,2
BRDA:106,7,1,2
BRDA:107,8,0,2
BRDA:107,8,1,2
BRDA:108,9,0,2
BRDA:108,9,1,0
BRDA:115,10,0,2
BRDA:115,10,1,1
BRDA:130,11,0,2
BRDA:130,11,1,1
BRDA:159,12,0,1
BRDA:159,12,1,0
BRDA:213,13,0,0
BRDA:213,13,1,0
BRDA:215,14,0,0
BRDA:215,14,1,0
BRDA:291,15,0,3
BRDA:297,16,0,3
BRDA:297,16,1,1
BRDA:299,17,0,2
BRDA:299,17,1,1
BRDA:316,18,0,0
BRDA:316,18,1,5
BRDA:316,19,0,5
BRDA:316,19,1,4
BRDA:317,20,0,2
BRDA:317,20,1,3
BRDA:327,21,0,0
BRDA:327,21,1,2
BRDA:330,22,0,0
BRDA:330,22,1,2
BRDA:330,23,0,2
BRDA:330,23,1,2
BRDA:346,24,0,1
BRDA:346,24,1,1
BRF:49
BRH:38
end_of_record
TN:
SF:src/services/squad-client.ts
FN:19,constructor
FN:43,isSquadRetryable
FN:60,constructor_2
FN:68,request
FN:77,(anonymous_4)
FN:79,(anonymous_5)
FN:85,attempt
FN:135,chargeCard
FNF:8
FNH:8
FNDA:6,constructor
FNDA:7,isSquadRetryable
FNDA:25,constructor_2
FNDA:23,request
FNDA:28,(anonymous_4)
FNDA:5,(anonymous_5)
FNDA:28,attempt
FNDA:10,chargeCard
DA:20,6
DA:21,6
DA:22,6
DA:23,6
DA:44,7
DA:45,5
DA:46,3
DA:47,2
DA:49,2
DA:50,1
DA:61,25
DA:62,25
DA:63,25
DA:64,25
DA:65,25
DA:77,28
DA:80,5
DA:94,28
DA:95,28
DA:96,28
DA:109,22
DA:111,22
DA:112,22
DA:114,3
DA:120,19
DA:121,3
DA:127,16
DA:136,10
DA:137,9
DA:139,7
DA:154,7
DA:155,2
DA:161,5
LF:33
LH:33
BRDA:44,0,0,5
BRDA:44,0,1,2
BRDA:45,1,0,2
BRDA:45,1,1,3
BRDA:45,2,0,5
BRDA:45,2,1,5
BRDA:46,3,0,1
BRDA:46,3,1,2
BRDA:49,4,0,1
BRDA:49,4,1,1
BRDA:49,5,0,2
BRDA:49,5,1,2
BRDA:63,6,0,25
BRDA:63,6,1,24
BRDA:70,7,0,23
BRDA:94,8,0,1
BRDA:94,8,1,27
BRDA:97,9,0,28
BRDA:97,9,1,20
BRDA:104,10,0,8
BRDA:104,10,1,20
BRDA:112,11,0,22
BRDA:112,11,1,0
BRDA:120,12,0,3
BRDA:120,12,1,16
BRDA:136,13,0,1
BRDA:136,13,1,9
BRDA:137,14,0,2
BRDA:137,14,1,7
BRDA:149,15,0,1
BRDA:149,15,1,6
BRDA:154,16,0,2
BRDA:154,16,1,5
BRDA:154,17,0,7
BRDA:154,17,1,6
BRDA:157,18,0,2
BRDA:157,18,1,1
BRF:37
BRH:36
end_of_record
TN:
SF:src/services/supabase.ts
FN:8,createSupabaseAdminClient
FN:19,deleteSupabaseUser
FN:26,(anonymous_2)
FN:29,(anonymous_3)
FN:30,(anonymous_4)
FNF:5
FNH:0
FNDA:0,createSupabaseAdminClient
FNDA:0,deleteSupabaseUser
FNDA:0,(anonymous_2)
FNDA:0,(anonymous_3)
FNDA:0,(anonymous_4)
DA:5,2
DA:6,2
DA:9,0
DA:24,0
DA:25,0
DA:27,0
DA:30,0
DA:31,0
DA:36,0
DA:37,0
DA:38,0
DA:39,0
DA:43,0
DA:45,0
DA:49,0
LF:15
LH:2
BRDA:36,0,0,0
BRDA:36,0,1,0
BRDA:37,1,0,0
BRDA:37,1,1,0
BRDA:38,2,0,0
BRDA:38,2,1,0
BRDA:38,3,0,0
BRDA:38,3,1,0
BRF:8
BRH:0
end_of_record
TN:
SF:src/types/domain.ts
FNF:0
FNH:0
LF:0
LH:0
BRF:0
BRH:0
end_of_record
TN:
SF:src/types/metadata.ts
FNF:0
FNH:0
LF:0
LH:0
BRF:0
BRH:0
end_of_record
TN:
SF:src/utils/error-utils.ts
FN:22,extractErrorContext
FN:29,extractErrorMessage
FNF:2
FNH:2
FNDA:3,extractErrorContext
FNDA:16,extractErrorMessage
DA:23,3
DA:30,16
DA:31,9
DA:32,9
DA:33,9
DA:34,9
DA:35,5
DA:36,5
DA:37,5
DA:39,9
DA:41,7
DA:42,5
LF:12
LH:12
BRDA:25,0,0,1
BRDA:25,0,1,2
BRDA:30,1,0,9
BRDA:30,1,1,7
BRDA:34,2,0,9
BRDA:34,2,1,5
BRDA:41,3,0,2
BRDA:41,3,1,5
BRF:8
BRH:8
end_of_record
TN:
SF:src/utils/fetch-with-timeout.ts
FN:15,fetchWithTimeout
FN:22,(anonymous_1)
FNF:2
FNH:2
FNDA:43,fetchWithTimeout
FNDA:3,(anonymous_1)
DA:6,5
DA:19,43
DA:21,43
DA:22,43
DA:23,43
DA:25,43
DA:26,43
DA:27,33
DA:28,33
DA:30,10
DA:31,10
LF:11
LH:11
BRDA:17,0,0,43
BRDA:19,1,0,43
BRDA:19,2,0,43
BRDA:23,3,0,43
BRDA:23,3,1,0
BRDA:23,4,0,43
BRDA:23,4,1,43
BRF:7
BRH:6
end_of_record
TN:
SF:src/utils/formatters.ts
FN:9,splitEnum
FN:12,(anonymous_1)
FN:16,formatDeliveryStatus
FN:20,formatEnumToTitleCase
FNF:4
FNH:4
FNDA:137,splitEnum
FNDA:157,(anonymous_1)
FNDA:6,formatDeliveryStatus
FNDA:143,formatEnumToTitleCase
DA:10,137
DA:12,157
DA:17,6
DA:21,143
DA:22,137
LF:5
LH:5
BRDA:17,0,0,6
BRDA:17,0,1,3
BRDA:21,1,0,6
BRDA:21,1,1,137
BRF:4
BRH:4
end_of_record
TN:
SF:src/utils/meta-graph.ts
FN:6,computeExpiresAt
FN:14,parseGraphError
FNF:2
FNH:2
FNDA:1,computeExpiresAt
FNDA:6,parseGraphError
DA:7,1
DA:15,6
DA:16,4
DA:17,4
DA:18,3
DA:19,3
DA:20,3
DA:21,1
DA:22,3
DA:23,3
DA:26,4
LF:11
LH:11
BRDA:15,0,0,4
BRDA:15,0,1,2
BRDA:15,1,0,6
BRDA:15,1,1,5
BRDA:17,2,0,3
BRDA:17,2,1,1
BRDA:17,3,0,4
BRDA:17,3,1,3
BRDA:19,4,0,1
BRDA:19,4,1,2
BRDA:20,5,0,1
BRDA:20,5,1,2
BRDA:20,6,0,3
BRDA:20,6,1,2
BRDA:22,7,0,2
BRDA:22,7,1,1
BRDA:23,8,0,2
BRDA:23,8,1,1
BRF:18
BRH:18
end_of_record
TN:
SF:src/utils/metrics.ts
FN:1,mergeChannelCounts
FNF:1
FNH:1
FNDA:5,mergeChannelCounts
DA:5,5
DA:6,5
DA:7,4
DA:9,5
LF:4
LH:4
BRDA:5,0,0,5
BRDA:5,0,1,1
BRDA:6,1,0,5
BRDA:6,1,1,1
BRDA:7,2,0,4
BRDA:7,2,1,2
BRF:6
BRH:6
end_of_record
TN:
SF:src/utils/retry.ts
FN:1,sleep
FN:2,(anonymous_1)
FN:51,withRetry
FN:86,classifyTransientError
FN:106,hasTransientSignature
FN:125,isTransientHttpError
FNF:6
FNH:6
FNDA:16,sleep
FNDA:16,(anonymous_1)
FNDA:36,withRetry
FNDA:45,classifyTransientError
FNDA:47,hasTransientSignature
FNDA:36,isTransientHttpError
DA:2,16
DA:11,5
DA:29,5
DA:55,36
DA:56,36
DA:57,36
DA:58,36
DA:61,36
DA:62,50
DA:63,50
DA:65,25
DA:66,25
DA:67,18
DA:69,14
DA:70,14
DA:71,14
DA:72,25
DA:75,11
DA:87,45
DA:88,45
DA:89,45
DA:90,45
DA:91,37
DA:92,35
DA:93,23
DA:94,22
DA:102,5
DA:103,17
DA:107,47
DA:108,46
DA:109,45
DA:110,45
DA:111,45
DA:112,17
DA:113,11
DA:115,6
DA:126,36
LF:37
LH:37
BRDA:55,0,0,36
BRDA:55,0,1,3
BRDA:56,1,0,36
BRDA:56,1,1,32
BRDA:57,2,0,36
BRDA:57,2,1,36
BRDA:58,3,0,36
BRDA:58,3,1,8
BRDA:66,4,0,7
BRDA:66,4,1,18
BRDA:67,5,0,4
BRDA:67,5,1,14
BRDA:87,6,0,45
BRDA:87,6,1,34
BRDA:87,6,2,32
BRDA:88,7,0,45
BRDA:88,7,1,0
BRDA:89,8,0,45
BRDA:89,8,1,30
BRDA:90,9,0,8
BRDA:90,9,1,37
BRDA:90,10,0,45
BRDA:90,10,1,8
BRDA:91,11,0,2
BRDA:91,11,1,35
BRDA:92,12,0,12
BRDA:92,12,1,23
BRDA:93,13,0,1
BRDA:93,13,1,22
BRDA:93,14,0,23
BRDA:93,14,1,22
BRDA:94,15,0,5
BRDA:94,15,1,17
BRDA:95,16,0,22
BRDA:95,16,1,21
BRDA:95,16,2,21
BRDA:95,16,3,21
BRDA:95,16,4,20
BRDA:95,16,5,18
BRDA:107,17,0,1
BRDA:107,17,1,46
BRDA:107,18,0,47
BRDA:107,18,1,46
BRDA:108,19,0,1
BRDA:108,19,1,45
BRDA:111,20,0,28
BRDA:111,20,1,17
BRDA:112,21,0,11
BRDA:112,21,1,6
BRDA:112,22,0,17
BRDA:112,22,1,11
BRF:51
BRH:50
end_of_record
TN:
SF:src/utils/time.ts
FN:14,addDays
FNF:1
FNH:1
FNDA:3,addDays
DA:2,4
DA:4,4
DA:7,4
DA:15,3
DA:16,3
DA:17,3
LF:6
LH:6
BRF:0
BRH:0
end_of_record
TN:
SF:src/utils/timezone.ts
FN:7,offsetAtNoonUtc
FN:19,monthStartInTimezone
FN:26,currentYearMonthInTimezone
FN:44,getMonthStartInTimezone
FN:53,getStartOfDayInTimezone
FN:71,getDateStringInTimezone
FN:92,getRetentionCutoff
FNF:7
FNH:5
FNDA:4,offsetAtNoonUtc
FNDA:3,monthStartInTimezone
FNDA:3,currentYearMonthInTimezone
FNDA:0,getMonthStartInTimezone
FNDA:1,getStartOfDayInTimezone
FNDA:0,getDateStringInTimezone
FNDA:3,getRetentionCutoff
DA:8,4
DA:9,4
DA:10,4
DA:11,4
DA:20,3
DA:27,3
DA:28,3
DA:33,3
DA:34,3
DA:45,0
DA:46,0
DA:54,1
DA:55,1
DA:61,1
DA:63,1
DA:64,1
DA:75,0
DA:81,0
DA:96,3
DA:97,3
DA:98,3
DA:99,3
DA:100,3
LF:23
LH:19
BRDA:44,0,0,0
BRDA:53,1,0,1
BRDA:73,2,0,0
BRDA:94,3,0,3
BRF:4
BRH:2
end_of_record
TN:
SF:src/utils/tracking.ts
FNF:0
FNH:0
DA:6,3
DA:11,3
DA:16,3
DA:23,3
DA:30,3
LF:5
LH:5
BRF:0
BRH:0
end_of_record
